<?xml version="1.0" encoding="UTF-8"?>
<!-- Generated by org.testng.reporters.JUnitReportReporter -->
<testsuite skipped="0" hostname="JHANSI-PC" name="post.PostRequestTest" tests="1" failures="0" timestamp="13 May 2019 14:53:30 GMT" time="23.589" errors="0">
  <testcase name="postRequestDemo" time="23.589" classname="post.PostRequestTest"/>
</testsuite> <!-- post.PostRequestTest -->
